<?xml version="1.0" encoding="UTF-8"?>
<!-- Generated by org.testng.reporters.JUnitReportReporter -->
<testsuite skipped="0" hostname="Dhruv" name="com.pom.qa.testcases.DealsPageTest" tests="1" failures="0" timestamp="2020-10-12T20:18:02 EDT" time="14.351" errors="0">
  <testcase name="verifyDealsPageLabel" time="14.351" classname="com.pom.qa.testcases.DealsPageTest"/>
  <system-out/>
</testsuite> <!-- com.pom.qa.testcases.DealsPageTest -->
