<?xml version="1.0" encoding="UTF-8"?>
<!-- Generated by org.testng.reporters.JUnitReportReporter -->
<testsuite skipped="0" hostname="Dhruv" name="com.pom.qa.testcases.ContactsPageTest" tests="8" failures="0" timestamp="2020-10-12T20:17:33 EDT" time="125.804" errors="0">
  <testcase name="verifyContactspageLabel" time="16.212" classname="com.pom.qa.testcases.ContactsPageTest"/>
  <system-out/>
  <testcase name="selectContactsTest" time="13.608" classname="com.pom.qa.testcases.ContactsPageTest"/>
  <system-out/>
  <testcase name="selectMultipleContactsTest" time="14.604" classname="com.pom.qa.testcases.ContactsPageTest"/>
  <system-out/>
  <testcase name="validateCreateNewContact" time="16.349" classname="com.pom.qa.testcases.ContactsPageTest"/>
  <system-out/>
  <testcase name="validateCreateNewContact" time="16.475" classname="com.pom.qa.testcases.ContactsPageTest"/>
  <system-out/>
  <testcase name="validateCreateNewContact" time="17.399" classname="com.pom.qa.testcases.ContactsPageTest"/>
  <system-out/>
  <testcase name="validateCreateNewContact" time="17.528" classname="com.pom.qa.testcases.ContactsPageTest"/>
  <system-out/>
  <testcase name="validateAddedName" time="13.629" classname="com.pom.qa.testcases.ContactsPageTest"/>
  <system-out/>
</testsuite> <!-- com.pom.qa.testcases.ContactsPageTest -->
