<?xml version="1.0" encoding="UTF-8"?>
<!-- Generated by org.testng.reporters.JUnitReportReporter -->
<testsuite skipped="0" hostname="Dhruv" name="com.pom.qa.testcases.LoginPageTest" tests="3" failures="0" timestamp="2020-10-11T13:45:03 EDT" time="41.178" errors="0">
  <testcase name="loginPageTitleTest" time="14.215" classname="com.pom.qa.testcases.LoginPageTest"/>
  <system-out/>
  <testcase name="crmLogoTest" time="13.275" classname="com.pom.qa.testcases.LoginPageTest"/>
  <system-out/>
  <testcase name="loginTest" time="13.688" classname="com.pom.qa.testcases.LoginPageTest"/>
  <system-out/>
</testsuite> <!-- com.pom.qa.testcases.LoginPageTest -->
