<?xml version="1.0" encoding="UTF-8"?>
<!-- Generated by org.testng.reporters.JUnitReportReporter -->
<testsuite skipped="0" hostname="Dhruv" name="com.pom.qa.testcases.HomePageTest" tests="3" failures="0" timestamp="2020-10-11T13:45:03 EDT" time="44.086" errors="0">
  <testcase name="verifyContactsLink" time="15.273" classname="com.pom.qa.testcases.HomePageTest"/>
  <system-out/>
  <testcase name="verifyHomepageTitleTest" time="11.912" classname="com.pom.qa.testcases.HomePageTest"/>
  <system-out/>
  <testcase name="verifyUsernameTest" time="16.901" classname="com.pom.qa.testcases.HomePageTest"/>
  <system-out/>
</testsuite> <!-- com.pom.qa.testcases.HomePageTest -->
