<?xml version="1.0" encoding="UTF-8"?>
<!-- Generated by org.testng.reporters.JUnitReportReporter -->
<testsuite skipped="0" hostname="Dhruv" name="com.pom.qa.testcases.HomePageTest" tests="3" failures="0" timestamp="2020-10-12T20:22:13 EDT" time="37.463" errors="0">
  <testcase name="verifyContactsLink" time="13.728" classname="com.pom.qa.testcases.HomePageTest"/>
  <system-out/>
  <testcase name="verifyHomepageTitleTest" time="11.645" classname="com.pom.qa.testcases.HomePageTest"/>
  <system-out/>
  <testcase name="verifyUsernameTest" time="12.090" classname="com.pom.qa.testcases.HomePageTest"/>
  <system-out/>
</testsuite> <!-- com.pom.qa.testcases.HomePageTest -->
