<?xml version="1.0" encoding="UTF-8"?>
<!-- Generated by org.testng.reporters.JUnitReportReporter -->
<testsuite skipped="0" hostname="Dhruv" name="com.pom.qa.testcases.ContactsPageTest" tests="8" failures="0" timestamp="2020-10-12T20:22:13 EDT" time="130.499" errors="0">
  <testcase name="verifyContactspageLabel" time="13.607" classname="com.pom.qa.testcases.ContactsPageTest"/>
  <system-out/>
  <testcase name="selectContactsTest" time="15.415" classname="com.pom.qa.testcases.ContactsPageTest"/>
  <system-out/>
  <testcase name="selectMultipleContactsTest" time="14.308" classname="com.pom.qa.testcases.ContactsPageTest"/>
  <system-out/>
  <testcase name="validateCreateNewContact" time="19.798" classname="com.pom.qa.testcases.ContactsPageTest"/>
  <system-out/>
  <testcase name="validateCreateNewContact" time="17.466" classname="com.pom.qa.testcases.ContactsPageTest"/>
  <system-out/>
  <testcase name="validateCreateNewContact" time="18.731" classname="com.pom.qa.testcases.ContactsPageTest"/>
  <system-out/>
  <testcase name="validateCreateNewContact" time="17.670" classname="com.pom.qa.testcases.ContactsPageTest"/>
  <system-out/>
  <testcase name="validateAddedName" time="13.504" classname="com.pom.qa.testcases.ContactsPageTest"/>
  <system-out/>
</testsuite> <!-- com.pom.qa.testcases.ContactsPageTest -->
