<?xml version="1.0" encoding="UTF-8"?>
<!-- Generated by org.testng.reporters.JUnitReportReporter -->
<testsuite skipped="0" hostname="Dhruv" name="com.pom.qa.testcases.LoginPageTest" tests="3" failures="0" timestamp="2020-10-12T20:22:13 EDT" time="31.923" errors="0">
  <testcase name="loginPageTitleTest" time="11.082" classname="com.pom.qa.testcases.LoginPageTest"/>
  <system-out/>
  <testcase name="crmLogoTest" time="10.095" classname="com.pom.qa.testcases.LoginPageTest"/>
  <system-out/>
  <testcase name="loginTest" time="10.746" classname="com.pom.qa.testcases.LoginPageTest"/>
  <system-out/>
</testsuite> <!-- com.pom.qa.testcases.LoginPageTest -->
